<?xml version="1.0" encoding="UTF-8"?>
<!-- Generated by org.testng.reporters.JUnitReportReporter -->
<testsuite hostname="Omar-Mokhtar" failures="0" tests="2" name="Omar.Tests.SumbitOrderTest" time="30.342" errors="0" timestamp="2025-06-27T03:40:08 EEST" skipped="0">
  <testcase classname="Omar.Tests.SumbitOrderTest" name="checkingOrderHistory" time="4.640"/>
  <testcase classname="Omar.Tests.SumbitOrderTest" name="submitOrder" time="25.702"/>
</testsuite> <!-- Omar.Tests.SumbitOrderTest -->
