<?xml version="1.0" encoding="UTF-8"?>
<!-- Generated by org.testng.reporters.JUnitReportReporter -->
<testsuite hostname="Omar-Mokhtar" failures="0" tests="1" name="Omar.Tests.StandAloneTest" time="24.708" errors="0" timestamp="2025-06-25T16:11:22 EEST" skipped="0">
  <testcase classname="Omar.Tests.StandAloneTest" name="submitOrder" time="24.708"/>
</testsuite> <!-- Omar.Tests.StandAloneTest -->
