<?xml version="1.0" encoding="UTF-8"?>
<!-- Generated by org.testng.reporters.JUnitReportReporter -->
<testsuite hostname="Omar-Mokhtar" failures="0" tests="3" name="Omar.Tests.errorValidationTest" time="15.692" errors="0" timestamp="2025-06-28T02:53:16 EEST" skipped="0">
  <testcase classname="Omar.Tests.errorValidationTest" name="emptyCartErrorValidation" time="4.535"/>
  <testcase classname="Omar.Tests.errorValidationTest" name="passwordErrorValidation" time="5.229"/>
  <testcase classname="Omar.Tests.errorValidationTest" name="emailErrorValidation" time="5.928"/>
</testsuite> <!-- Omar.Tests.errorValidationTest -->
