<?xml version="1.0" encoding="UTF-8"?>
<!-- Generated by org.testng.reporters.JUnitReportReporter -->
<testsuite hostname="Omar-Mokhtar" failures="0" tests="4" name="Omar.Tests.SubmitOrderTest" time="28.630" errors="0" timestamp="2025-06-28T02:53:16 EEST" skipped="0">
  <testcase classname="Omar.Tests.SubmitOrderTest" name="submitOrder" time="9.233"/>
  <testcase classname="Omar.Tests.SubmitOrderTest" name="checkingOrderHistory" time="5.330"/>
  <testcase classname="Omar.Tests.SubmitOrderTest" name="submitOrder" time="9.592"/>
  <testcase classname="Omar.Tests.SubmitOrderTest" name="checkingOrderHistory" time="4.475"/>
</testsuite> <!-- Omar.Tests.SubmitOrderTest -->
